<?xml version="1.0" encoding="UTF-8"?>
<testsuite xmlns:xsi="http://www.w3.org/2001/XMLSchema-instance" xsi:noNamespaceSchemaLocation="https://maven.apache.org/surefire/maven-surefire-plugin/xsd/surefire-test-report-3.0.xsd" version="3.0" name="TestSuite" time="21.616" tests="4" errors="0" skipped="0" failures="1">
  <properties>
[...]
</properties>
  <testcase name="validateAppNavBar" classname="Academy.E2EProject.validateNavigationBar" time="0.037">
    <system-out><![CDATA[Test completed
]]></system-out>
    <system-err><![CDATA[SLF4J: Failed to load class "org.slf4j.impl.StaticLoggerBinder".
SLF4J: Defaulting to no-operation (NOP) logger implementation
SLF4J: See http://www.slf4j.org/codes.html#StaticLoggerBinder for further details.
Starting ChromeDriver 96.0.4664.45 (76e4c1bb2ab4671b8beba3444e6S1ct0arft17i5n8g4 bC2hfrco-mereDfrsi/vberarnc h9-6h.e0a.d46s6/446.6445@{ #9(477}6)e o4nc p1orbtb 524a46b946
7O1nlby 8bleboca3al con444e6n1ce0cf1t7i58o4nb2sf c-arrefes /barlanlcohw-heeda.d
Psl/e4a6s6e4 @se{e# h9t4t7p}s)://chromedrive r.ocnh rpoomritum .64org3/80
Only locsaSletc aurcrtoiinntngy eC-chtrcoimoenDosrinsd eiravarteerio  n9s6a .f0lo.l4ro6 w6s4ue.d4g5g. e(7st6
eiPlon4esc aon1s ekbe ebp2saienb4ge6  7Ch1htrb8tobmpeeDbsar:i34v/4e/4rc esh6r1aofcmee0d.fr1
i75v8e4r.chrbo2mficu-mr.eofrgs//sbercaunricthy--hceoandssi/d4e6r6a4t@i{on#s9 4f7o}r)  soun gpgoesrtti o6n0s0 2o9n 
kOenelpyi nlgo cCahlr ocmoenDnercitvieorn ss aaref e.aClh
lroowemd.eD
rPlievaeser  sewea hst tpssta:r/t/echrodm esdurcicveesrs.fcuhlrloym.i
um.org/security-considerations for suggestions on keeping ChromeDriver safe.
ChromeDriver was started successfully.
ChromeDriver was started successfully.
Nov 17, 2021 1:13:16 PM org.openqa.selenium.remote.ProtocolHandshake createSession
INFO: Detected dialect: W3C
Nov 17, 2021 1:13:16 PM org.openqa.selenium.remote.ProtocolHandshake createSession
INFO: Detected dialect: W3C
Nov 17, 2021 1:13:16 PM org.openqa.selenium.remote.ProtocolHandshake createSession
INFO: Detected dialect: W3C
Nov 17, 2021 1:13:16 PM org.openqa.selenium.devtools.CdpVersionFinder findNearestMatch
WARNING: Unable to find an exact match for CDP version 96, so returning the closest version found: 95
Nov 17, 2021 1:13:16 PM org.openqa.selenium.devtools.CdpVersionFinder findNearestMatch
WARNING: Unable to find an exact match for CDP version 96, so returning the closest version found: 95
Nov 17, 2021 1:13:16 PM org.openqa.selenium.devtools.CdpVersionFinder findNearestMatch
WARNING: Unable to find an exact match for CDP version 96, so returning the closest version found: 95
Nov 17, 2021 1:13:16 PM org.openqa.selenium.devtools.CdpVersionFinder findNearestMatch
INFO: Found CDP implementation for version 96 of 95
Nov 17, 2021 1:13:16 PM org.openqa.selenium.devtools.CdpVersionFinder findNearestMatch
INFO: Found CDP implementation for version 96 of 95
Nov 17, 2021 1:13:16 PM org.openqa.selenium.devtools.CdpVersionFinder findNearestMatch
INFO: Found CDP implementation for version 96 of 95
]]></system-err>
  </testcase>
  <testcase name="basePageNavigation[nonrestricteduser@qw.com, 123456, Restrcited User](1)" classname="Academy.E2EProject.MainTest" time="2.312"/>
  <testcase name="basePageNavigation[restricteduser@qw.com, 456788, Non restricted user](2)" classname="Academy.E2EProject.MainTest" time="2.386"/>
  <testcase name="validateAppTitle" classname="Academy.E2EProject.validateTitle" time="0.024">
    <failure message="expected [FEATURED aCOURSES] but found [FEATURED COURSES]" type="java.lang.AssertionError"><![CDATA[java.lang.AssertionError: expected [FEATURED aCOURSES] but found [FEATURED COURSES]
	at Academy.E2EProject.validateTitle.validateAppTitle(validateTitle.java:35)
]]></failure>
  </testcase>
</testsuite>