-------------------------------------------------------------------------------
Test set: TestSuite
-------------------------------------------------------------------------------
Tests run: 4, Failures: 1, Errors: 0, Skipped: 0, Time elapsed: 21.616 s <<< FAILURE! - in TestSuite
Academy.E2EProject.validateTitle.validateAppTitle  Time elapsed: 0.024 s  <<< FAILURE!
java.lang.AssertionError: expected [FEATURED aCOURSES] but found [FEATURED COURSES]
	at Academy.E2EProject.validateTitle.validateAppTitle(validateTitle.java:35)

