<?xml version="1.0" encoding="UTF-8"?>
<testng-results ignored="0" total="1" passed="1" failed="0" skipped="0">
  <reporter-output>
  </reporter-output>
  <suite started-at="2021-11-11T00:18:15 EET" name="Default suite" finished-at="2021-11-11T00:18:23 EET" duration-ms="8705">
    <groups>
    </groups>
    <test started-at="2021-11-11T00:18:15 EET" name="Default test" finished-at="2021-11-11T00:18:23 EET" duration-ms="8705">
      <class name="ExtentReportsDemo.ExtentReportsDemo">
        <test-method is-config="true" signature="config()[pri:0, instance:ExtentReportsDemo.ExtentReportsDemo@7fee8714]" started-at="2021-11-11T00:18:15 EET" name="config" finished-at="2021-11-11T00:18:15 EET" duration-ms="228" status="PASS">
          <reporter-output>
          </reporter-output>
        </test-method> <!-- config -->
        <test-method signature="initialDemo()[pri:0, instance:ExtentReportsDemo.ExtentReportsDemo@7fee8714]" started-at="2021-11-11T00:18:15 EET" name="initialDemo" finished-at="2021-11-11T00:18:23 EET" duration-ms="8438" status="PASS">
          <reporter-output>
          </reporter-output>
        </test-method> <!-- initialDemo -->
      </class> <!-- ExtentReportsDemo.ExtentReportsDemo -->
    </test> <!-- Default test -->
  </suite> <!-- Default suite -->
</testng-results>
