<?xml version="1.0" encoding="UTF-8"?>
<testng-results ignored="0" total="6" passed="6" failed="0" skipped="0">
  <reporter-output>
  </reporter-output>
  <suite started-at="2021-11-10T14:54:15 EET" name="Suite" finished-at="2021-11-10T14:54:15 EET" duration-ms="83">
    <groups>
    </groups>
    <test started-at="2021-11-10T14:54:15 EET" name="Test" finished-at="2021-11-10T14:54:15 EET" duration-ms="83">
      <class name="SeleniumMaven.SeleniumTest">
        <test-method signature="BrowserAUtomation()[pri:0, instance:SeleniumMaven.SeleniumTest@543588e6]" started-at="2021-11-10T14:54:15 EET" name="BrowserAUtomation" finished-at="2021-11-10T14:54:15 EET" duration-ms="1" status="PASS">
          <reporter-output>
          </reporter-output>
        </test-method> <!-- BrowserAUtomation -->
        <test-method signature="elementsUi()[pri:0, instance:SeleniumMaven.SeleniumTest@543588e6]" started-at="2021-11-10T14:54:15 EET" name="elementsUi" finished-at="2021-11-10T14:54:15 EET" duration-ms="4" status="PASS">
          <reporter-output>
          </reporter-output>
        </test-method> <!-- elementsUi -->
      </class> <!-- SeleniumMaven.SeleniumTest -->
      <class name="SeleniumMaven.AppiumTest">
        <test-method signature="IOSApps()[pri:0, instance:SeleniumMaven.AppiumTest@28f2a10f]" started-at="2021-11-10T14:54:15 EET" name="IOSApps" finished-at="2021-11-10T14:54:15 EET" duration-ms="11" status="PASS">
          <reporter-output>
          </reporter-output>
        </test-method> <!-- IOSApps -->
        <test-method signature="NativeAPpAndroid()[pri:0, instance:SeleniumMaven.AppiumTest@28f2a10f]" started-at="2021-11-10T14:54:15 EET" name="NativeAPpAndroid" finished-at="2021-11-10T14:54:15 EET" duration-ms="2" status="PASS">
          <reporter-output>
          </reporter-output>
        </test-method> <!-- NativeAPpAndroid -->
      </class> <!-- SeleniumMaven.AppiumTest -->
      <class name="SeleniumMaven.RESTAPITest">
        <test-method signature="deleteTwitter()[pri:0, instance:SeleniumMaven.RESTAPITest@f5acb9d]" started-at="2021-11-10T14:54:15 EET" name="deleteTwitter" finished-at="2021-11-10T14:54:15 EET" duration-ms="2" status="PASS">
          <reporter-output>
          </reporter-output>
        </test-method> <!-- deleteTwitter -->
        <test-method signature="postJira()[pri:0, instance:SeleniumMaven.RESTAPITest@f5acb9d]" started-at="2021-11-10T14:54:15 EET" name="postJira" finished-at="2021-11-10T14:54:15 EET" duration-ms="1" status="PASS">
          <reporter-output>
          </reporter-output>
        </test-method> <!-- postJira -->
      </class> <!-- SeleniumMaven.RESTAPITest -->
    </test> <!-- Test -->
  </suite> <!-- Suite -->
</testng-results>
