<?xml version="1.0" encoding="UTF-8"?>
<!-- Generated by org.testng.reporters.JUnitXMLReporter -->
<testsuite ignored="0" hostname="AbdElRahman" failures="0" tests="4" name="Test" time="25.499" errors="0" timestamp="2021-11-16T20:06:41 EET">
  <testcase classname="Academy.E2EProject.validateNavigationBar" name="validateAppNavBar" time="0.079"/>
  <testcase classname="Academy.E2EProject.validateTitle" name="validateAppTitle" time="0.04"/>
  <testcase classname="Academy.E2EProject.MainTest" name="basePageNavigation" time="6.549"/>
  <testcase classname="Academy.E2EProject.MainTest" name="basePageNavigation" time="2.406"/>
</testsuite> <!-- Test -->
