<?xml version="1.0" encoding="UTF-8"?>
<!-- Generated by org.testng.reporters.JUnitXMLReporter -->
<testsuite ignored="0" hostname="AbdElRahman" failures="1" tests="2" name="Validating title" time="15.047" errors="0" timestamp="2021-11-17T15:52:23 EET">
  <testcase classname="Academy.E2EProject.validateTitle" name="validateAppTitle" time="0.027">
    <failure type="java.lang.AssertionError" message="expected [FEATURED aCOURSES] but found [FEATURED COURSES]">
      <![CDATA[java.lang.AssertionError: expected [FEATURED aCOURSES] but found [FEATURED COURSES]
at Academy.E2EProject.validateTitle.validateAppTitle(validateTitle.java:35)
at java.base/java.util.ArrayList.forEach(ArrayList.java:1511)
at java.base/java.util.concurrent.FutureTask.run(FutureTask.java:264)
at java.base/java.util.concurrent.ThreadPoolExecutor.runWorker(ThreadPoolExecutor.java:1130)
at java.base/java.util.concurrent.ThreadPoolExecutor$Worker.run(ThreadPoolExecutor.java:630)
at java.base/java.lang.Thread.run(Thread.java:831)
... Removed 24 stack frames]]>
    </failure>
  </testcase> <!-- validateAppTitle -->
  <testcase classname="Academy.E2EProject.validateTitle" name="validateHeader" time="0.02"/>
</testsuite> <!-- Validating title -->
