<?xml version="1.0" encoding="UTF-8"?>
<!-- Generated by org.testng.reporters.JUnitXMLReporter -->
<testsuite ignored="0" hostname="AbdElRahman" failures="0" tests="4" name="Test" time="0.063" errors="0" timestamp="2021-11-07T12:47:48 EET">
  <testcase classname="test.a1" name="Demo" time="0.01"/>
  <testcase classname="test.a1" name="Demo2" time="0.002"/>
  <testcase classname="test.a2" name="Demo3" time="0.001"/>
  <testcase classname="test.a2" name="Demo4" time="0.001"/>
</testsuite> <!-- Test -->
