<?xml version="1.0" encoding="UTF-8"?>
<testng-results ignored="1" total="14" passed="13" failed="0" skipped="0">
  <reporter-output>
  </reporter-output>
  <suite started-at="2021-11-08T20:53:26 EET" name="Loan Department" finished-at="2021-11-08T20:53:26 EET" duration-ms="98">
    <groups>
      <group name="thisgroup">
        <method signature="a1.Demo2()[pri:0, instance:test.a1@6bedbc4d]" name="Demo2" class="test.a1"/>
        <method signature="a2.Demo4()[pri:0, instance:test.a2@793be5ca]" name="Demo4" class="test.a2"/>
      </group> <!-- thisgroup -->
    </groups>
    <test started-at="2021-11-08T20:53:26 EET" name="Personal loan" finished-at="2021-11-08T20:53:26 EET" duration-ms="98">
      <class name="test.a3">
        <test-method signature="Demo13()[pri:0, instance:test.a3@4de4b452]" started-at="2021-11-08T20:53:26 EET" name="Demo13" finished-at="2021-11-08T20:53:26 EET" duration-ms="1" status="PASS">
          <reporter-output>
          </reporter-output>
        </test-method> <!-- Demo13 -->
        <test-method signature="Demo15()[pri:0, instance:test.a3@4de4b452]" started-at="2021-11-08T20:53:26 EET" name="Demo15" finished-at="2021-11-08T20:53:26 EET" duration-ms="2" status="PASS">
          <reporter-output>
          </reporter-output>
        </test-method> <!-- Demo15 -->
        <test-method signature="Demo9()[pri:0, instance:test.a3@4de4b452]" started-at="2021-11-08T20:53:26 EET" name="Demo9" finished-at="2021-11-08T20:53:26 EET" duration-ms="1" status="PASS">
          <reporter-output>
          </reporter-output>
        </test-method> <!-- Demo9 -->
        <test-method signature="Demo16(java.lang.String,java.lang.String)[pri:0, instance:test.a3@4de4b452]" started-at="2021-11-08T20:53:26 EET" name="Demo16" finished-at="2021-11-08T20:53:26 EET" duration-ms="6" status="PASS">
          <params>
            <param index="0">
              <value>
                <![CDATA[google.com]]>
              </value>
            </param>
            <param index="1">
              <value>
                <![CDATA[Abdo]]>
              </value>
            </param>
          </params>
          <reporter-output>
          </reporter-output>
        </test-method> <!-- Demo16 -->
        <test-method signature="dataFunction(java.lang.String,java.lang.String)[pri:0, instance:test.a3@4de4b452]" started-at="2021-11-08T20:53:26 EET" name="dataFunction" data-provider="getData" finished-at="2021-11-08T20:53:26 EET" duration-ms="1" status="PASS">
          <params>
            <param index="0">
              <value>
                <![CDATA[FirstUserName]]>
              </value>
            </param>
            <param index="1">
              <value>
                <![CDATA[FirstPassword]]>
              </value>
            </param>
          </params>
          <reporter-output>
          </reporter-output>
        </test-method> <!-- dataFunction -->
        <test-method signature="dataFunction(java.lang.String,java.lang.String)[pri:0, instance:test.a3@4de4b452]" started-at="2021-11-08T20:53:26 EET" name="dataFunction" data-provider="getData" finished-at="2021-11-08T20:53:26 EET" duration-ms="1" status="PASS">
          <params>
            <param index="0">
              <value>
                <![CDATA[SecondUserName]]>
              </value>
            </param>
            <param index="1">
              <value>
                <![CDATA[SecondPassword]]>
              </value>
            </param>
          </params>
          <reporter-output>
          </reporter-output>
        </test-method> <!-- dataFunction -->
        <test-method signature="dataFunction(java.lang.String,java.lang.String)[pri:0, instance:test.a3@4de4b452]" started-at="2021-11-08T20:53:26 EET" name="dataFunction" data-provider="getData" finished-at="2021-11-08T20:53:26 EET" duration-ms="1" status="PASS">
          <params>
            <param index="0">
              <value>
                <![CDATA[ThirdUserName]]>
              </value>
            </param>
            <param index="1">
              <value>
                <![CDATA[ThirdPassword]]>
              </value>
            </param>
          </params>
          <reporter-output>
          </reporter-output>
        </test-method> <!-- dataFunction -->
        <test-method signature="Demo12()[pri:0, instance:test.a3@4de4b452]" started-at="2021-11-08T20:53:26 EET" name="Demo12" finished-at="2021-11-08T20:53:26 EET" depends-on-methods="test.a3.Demo13" duration-ms="1" status="PASS">
          <reporter-output>
          </reporter-output>
        </test-method> <!-- Demo12 -->
      </class> <!-- test.a3 -->
      <class name="test.a1">
        <test-method is-config="true" signature="Demo5()[pri:0, instance:test.a1@6bedbc4d]" started-at="2021-11-08T20:53:26 EET" name="Demo5" finished-at="2021-11-08T20:53:26 EET" duration-ms="7" status="PASS">
          <reporter-output>
          </reporter-output>
        </test-method> <!-- Demo5 -->
        <test-method signature="Demo()[pri:0, instance:test.a1@6bedbc4d]" started-at="2021-11-08T20:53:26 EET" name="Demo" finished-at="2021-11-08T20:53:26 EET" duration-ms="9" status="PASS">
          <reporter-output>
          </reporter-output>
        </test-method> <!-- Demo -->
        <test-method signature="Demo2()[pri:0, instance:test.a1@6bedbc4d]" started-at="2021-11-08T20:53:26 EET" name="Demo2" finished-at="2021-11-08T20:53:26 EET" duration-ms="1" status="PASS">
          <reporter-output>
          </reporter-output>
        </test-method> <!-- Demo2 -->
        <test-method is-config="true" signature="Demo4()[pri:0, instance:test.a1@6bedbc4d]" started-at="2021-11-08T20:53:26 EET" name="Demo4" finished-at="2021-11-08T20:53:26 EET" duration-ms="1" status="PASS">
          <reporter-output>
          </reporter-output>
        </test-method> <!-- Demo4 -->
      </class> <!-- test.a1 -->
      <class name="test.a2">
        <test-method is-config="true" signature="Demo6()[pri:0, instance:test.a2@793be5ca]" started-at="2021-11-08T20:53:26 EET" name="Demo6" finished-at="2021-11-08T20:53:26 EET" duration-ms="1" status="PASS">
          <reporter-output>
          </reporter-output>
        </test-method> <!-- Demo6 -->
        <test-method is-config="true" signature="Demo10()[pri:0, instance:test.a2@793be5ca]" started-at="2021-11-08T20:53:26 EET" name="Demo10" finished-at="2021-11-08T20:53:26 EET" duration-ms="0" status="PASS">
          <reporter-output>
          </reporter-output>
        </test-method> <!-- Demo10 -->
        <test-method signature="Demo3()[pri:0, instance:test.a2@793be5ca]" started-at="2021-11-08T20:53:26 EET" name="Demo3" finished-at="2021-11-08T20:53:26 EET" duration-ms="1" status="PASS">
          <reporter-output>
          </reporter-output>
        </test-method> <!-- Demo3 -->
        <test-method is-config="true" signature="Demo8()[pri:0, instance:test.a2@793be5ca]" started-at="2021-11-08T20:53:26 EET" name="Demo8" finished-at="2021-11-08T20:53:26 EET" duration-ms="1" status="PASS">
          <reporter-output>
          </reporter-output>
        </test-method> <!-- Demo8 -->
        <test-method signature="Demo4()[pri:0, instance:test.a2@793be5ca]" started-at="2021-11-08T20:53:26 EET" name="Demo4" finished-at="2021-11-08T20:53:26 EET" duration-ms="1" status="PASS">
          <reporter-output>
          </reporter-output>
        </test-method> <!-- Demo4 -->
        <test-method is-config="true" signature="Demo6()[pri:0, instance:test.a2@793be5ca]" started-at="2021-11-08T20:53:26 EET" name="Demo6" finished-at="2021-11-08T20:53:26 EET" duration-ms="0" status="PASS">
          <reporter-output>
          </reporter-output>
        </test-method> <!-- Demo6 -->
        <test-method is-config="true" signature="Demo8()[pri:0, instance:test.a2@793be5ca]" started-at="2021-11-08T20:53:26 EET" name="Demo8" finished-at="2021-11-08T20:53:26 EET" duration-ms="1" status="PASS">
          <reporter-output>
          </reporter-output>
        </test-method> <!-- Demo8 -->
        <test-method signature="Demo7()[pri:0, instance:test.a2@793be5ca]" started-at="2021-11-08T20:53:26 EET" name="Demo7" finished-at="2021-11-08T20:53:26 EET" duration-ms="1" status="PASS">
          <reporter-output>
          </reporter-output>
        </test-method> <!-- Demo7 -->
        <test-method is-config="true" signature="Demo6()[pri:0, instance:test.a2@793be5ca]" started-at="2021-11-08T20:53:26 EET" name="Demo6" finished-at="2021-11-08T20:53:26 EET" duration-ms="0" status="PASS">
          <reporter-output>
          </reporter-output>
        </test-method> <!-- Demo6 -->
        <test-method is-config="true" signature="Demo8()[pri:0, instance:test.a2@793be5ca]" started-at="2021-11-08T20:53:26 EET" name="Demo8" finished-at="2021-11-08T20:53:26 EET" duration-ms="0" status="PASS">
          <reporter-output>
          </reporter-output>
        </test-method> <!-- Demo8 -->
        <test-method is-config="true" signature="Demo11()[pri:0, instance:test.a2@793be5ca]" started-at="2021-11-08T20:53:26 EET" name="Demo11" finished-at="2021-11-08T20:53:26 EET" duration-ms="0" status="PASS">
          <reporter-output>
          </reporter-output>
        </test-method> <!-- Demo11 -->
      </class> <!-- test.a2 -->
    </test> <!-- Personal loan -->
  </suite> <!-- Loan Department -->
</testng-results>
