<?xml version="1.0" encoding="UTF-8"?>
<!-- Generated by org.testng.reporters.JUnitXMLReporter -->
<testsuite hostname="AbdElRahman" ignored="0" name="Test" tests="6" failures="0" timestamp="2021-11-10T15:00:47 EET" time="0.047" errors="0">
  <testcase name="IOSApps" time="0.005" classname="SeleniumMaven.AppiumTest"/>
  <testcase name="NativeAPpAndroid" time="0.0" classname="SeleniumMaven.AppiumTest"/>
  <testcase name="BrowserAUtomation" time="0.0" classname="SeleniumMaven.SeleniumTest"/>
  <testcase name="elementsUi" time="0.0" classname="SeleniumMaven.SeleniumTest"/>
  <testcase name="deleteTwitter" time="0.0" classname="SeleniumMaven.RESTAPITest"/>
  <testcase name="postJira" time="0.001" classname="SeleniumMaven.RESTAPITest"/>
</testsuite> <!-- Test -->
