<?xml version="1.0" encoding="UTF-8"?>
<!-- Generated by org.testng.reporters.JUnitXMLReporter -->
<testsuite ignored="0" hostname="AbdElRahman" failures="0" tests="4" name="Smoke" time="31.461" errors="0" timestamp="2022-01-11T18:11:12 EET">
  <testcase classname="TestCases.a01ValidateRegister" name="validateRegister" time="2.509"/>
  <testcase classname="TestCases.a03ValidateLogin" name="validateLogin" time="1.402"/>
  <testcase classname="TestCases.a06ValidateAddNewItem" name="validateNewItem" time="2.052"/>
  <testcase classname="TestCases.a10E2E" name="validateNewItem" time="10.356"/>
</testsuite> <!-- Smoke -->
