<?xml version="1.0" encoding="UTF-8"?>
<!-- Generated by org.testng.reporters.JUnitXMLReporter -->
<testsuite hostname="AbdElRahman" ignored="0" name="Test" tests="4" failures="1" timestamp="2021-11-16T20:02:51 EET" time="28.182" errors="0">
  <testcase name="validateAppNavBar" time="0.077" classname="Academy.E2EProject.validateNavigationBar"/>
  <testcase name="validateAppTitle" time="0.039" classname="Academy.E2EProject.validateTitle">
    <failure type="java.lang.AssertionError" message="expected [FEATURED CO123URSES] but found [FEATURED COURSES]">
      <![CDATA[java.lang.AssertionError: expected [FEATURED CO123URSES] but found [FEATURED COURSES]
at Academy.E2EProject.validateTitle.validateAppTitle(validateTitle.java:35)
at java.util.ArrayList.forEach(ArrayList.java:1249)
... Removed 37 stack frames]]>
    </failure>
  </testcase> <!-- validateAppTitle -->
  <testcase name="basePageNavigation" time="7.796" classname="Academy.E2EProject.MainTest"/>
  <testcase name="basePageNavigation" time="2.028" classname="Academy.E2EProject.MainTest"/>
</testsuite> <!-- Test -->
