<?xml version="1.0" encoding="UTF-8"?>
<!-- Generated by org.testng.reporters.JUnitXMLReporter -->
<testsuite hostname="AbdElRahman" ignored="0" name="Validating title" tests="1" failures="1" timestamp="2021-11-17T13:13:34 EET" time="20.626" errors="0">
  <testcase name="validateAppTitle" time="0.021" classname="Academy.E2EProject.validateTitle">
    <failure type="java.lang.AssertionError" message="expected [FEATURED aCOURSES] but found [FEATURED COURSES]">
      <![CDATA[java.lang.AssertionError: expected [FEATURED aCOURSES] but found [FEATURED COURSES]
at Academy.E2EProject.validateTitle.validateAppTitle(validateTitle.java:35)
at java.util.ArrayList.forEach(ArrayList.java:1249)
at java.util.concurrent.FutureTask.run(FutureTask.java:266)
at java.util.concurrent.ThreadPoolExecutor.runWorker(ThreadPoolExecutor.java:1142)
at java.util.concurrent.ThreadPoolExecutor$Worker.run(ThreadPoolExecutor.java:617)
at java.lang.Thread.run(Thread.java:745)
... Removed 24 stack frames]]>
    </failure>
  </testcase> <!-- validateAppTitle -->
</testsuite> <!-- Validating title -->
