<?xml version="1.0" encoding="UTF-8"?>
<!-- Generated by org.testng.reporters.JUnitXMLReporter -->
<testsuite ignored="0" hostname="AbdElRahman" failures="0" tests="6" name="Test" time="0.083" errors="0" timestamp="2021-11-10T14:54:15 EET">
  <testcase classname="SeleniumMaven.AppiumTest" name="IOSApps" time="0.011"/>
  <testcase classname="SeleniumMaven.AppiumTest" name="NativeAPpAndroid" time="0.002"/>
  <testcase classname="SeleniumMaven.SeleniumTest" name="BrowserAUtomation" time="0.001"/>
  <testcase classname="SeleniumMaven.SeleniumTest" name="elementsUi" time="0.004"/>
  <testcase classname="SeleniumMaven.RESTAPITest" name="deleteTwitter" time="0.002"/>
  <testcase classname="SeleniumMaven.RESTAPITest" name="postJira" time="0.001"/>
</testsuite> <!-- Test -->
