<?xml version="1.0" encoding="UTF-8"?>
<!-- Generated by org.testng.reporters.JUnitXMLReporter -->
<testsuite ignored="1" hostname="AbdElRahman" failures="0" tests="13" name="Personal loan" time="0.098" errors="0" timestamp="2021-11-08T20:53:26 EET">
  <testcase classname="test.a1" name="Demo" time="0.009"/>
  <testcase classname="test.a1" name="Demo2" time="0.001"/>
  <testcase classname="test.a2" name="Demo3" time="0.001"/>
  <testcase classname="test.a2" name="Demo4" time="0.001"/>
  <testcase classname="test.a2" name="Demo7" time="0.001"/>
  <testcase classname="test.a3" name="Demo13" time="0.001"/>
  <testcase classname="test.a3" name="Demo15" time="0.002"/>
  <testcase classname="test.a3" name="Demo9" time="0.001"/>
  <testcase classname="test.a3" name="Demo16" time="0.006"/>
  <testcase classname="test.a3" name="dataFunction" time="0.001"/>
  <testcase classname="test.a3" name="dataFunction" time="0.001"/>
  <testcase classname="test.a3" name="dataFunction" time="0.001"/>
  <testcase classname="test.a3" name="Demo12" time="0.001"/>
  <testcase classname="test.a3" name="Demo14" time="0.0">
    <ignored/>
  </testcase> <!-- Demo14 -->
</testsuite> <!-- Personal loan -->
