<?xml version="1.0" encoding="UTF-8"?>
<!-- Generated by org.testng.reporters.JUnitXMLReporter -->
<testsuite ignored="3" hostname="AbdElRahman" failures="0" tests="3" name="Regression" time="0.041" errors="0" timestamp="2021-11-08T13:10:25 EET">
  <testcase classname="test.a1" name="Demo2" time="0.007"/>
  <testcase classname="test.a2" name="Demo4" time="0.0"/>
  <testcase classname="test.a3" name="Demo9" time="0.001"/>
  <testcase classname="test.a2" name="Demo7" time="0.0">
    <ignored/>
  </testcase> <!-- Demo7 -->
  <testcase classname="test.a2" name="Demo3" time="0.0">
    <ignored/>
  </testcase> <!-- Demo3 -->
  <testcase classname="test.a1" name="Demo" time="0.0">
    <ignored/>
  </testcase> <!-- Demo -->
</testsuite> <!-- Regression -->
